<?xml version="1.0" encoding="UTF-8"?>
<!-- Generated by org.testng.reporters.JUnitReportReporter -->
<testsuite hostname="5CD14582TN" failures="0" tests="6" name="testRunner.CucumberRunnerClass" time="104.079" errors="0" timestamp="2023-11-09T13:23:49 EST" skipped="0">
  <testcase classname="testRunner.CucumberRunnerClass" name="runScenario" time="27.086"/>
  <testcase classname="testRunner.CucumberRunnerClass" name="runScenario" time="14.798"/>
  <testcase classname="testRunner.CucumberRunnerClass" name="runScenario" time="12.807"/>
  <testcase classname="testRunner.CucumberRunnerClass" name="runScenario" time="13.949"/>
  <testcase classname="testRunner.CucumberRunnerClass" name="runScenario" time="17.336"/>
  <testcase classname="testRunner.CucumberRunnerClass" name="runScenario" time="18.103"/>
</testsuite> <!-- testRunner.CucumberRunnerClass -->
