<?xml version="1.0" encoding="UTF-8"?>
<!-- Generated by org.testng.reporters.JUnitReportReporter -->
<testsuite hostname="5CD14582TN" failures="0" tests="1" name="testRunner.CucumberRunnerClass" time="22.243" errors="0" timestamp="2023-11-19T23:23:48 EST" skipped="0">
  <testcase classname="testRunner.CucumberRunnerClass" name="runScenario" time="22.243"/>
</testsuite> <!-- testRunner.CucumberRunnerClass -->
