<?xml version="1.0" encoding="UTF-8"?>
<!-- Generated by org.testng.reporters.JUnitReportReporter -->
<testsuite hostname="5CD14582TN" failures="0" tests="1" name="testRunner.CucumberRunnerClass" time="13.673" errors="0" timestamp="2023-11-17T11:39:31 EST" skipped="0">
  <testcase classname="testRunner.CucumberRunnerClass" name="runScenario" time="13.673"/>
</testsuite> <!-- testRunner.CucumberRunnerClass -->
